生成启动时间为 2018/10/21 20:59:10。
     1>项目“d:\documents\visual studio 2013\Projects\H265Encoder_Simp\H265Encoder_Simp\H265Encoder_Simp.vcxproj”在节点 2 上(Build 个目标)。
     1>ClCompile:
         D:\Program Files (x86)\Microsoft Visual Studio 12.0\VC\bin\CL.exe /c /ZI /nologo /W3 /WX- /sdl /Od /Oy- /D _MBCS /D _MBCS /D _CRT_SECURE_NO_WARNINGS /Gm /EHsc /RTC1 /MDd /GS /fp:precise /Zc:wchar_t /Zc:forScope /Fo"Debug\\" /Fd"Debug\vc120.pdb" /Gd /TC /analyze- /errorReport:prompt ..\..\..\..\..\workspace_bwdsp1041\ECS_Encoder_Asm_BorderExtend_20180413\common.c ..\..\..\..\..\workspace_bwdsp1041\ECS_Encoder_Asm_BorderExtend_20180413\lowres.c
         lowres.c
         common.c
     1>d:\workspace_bwdsp1041\ecs_encoder_asm_borderextend_20180413\common.h(128): warning C4142: 类型的良性重定义
         正在生成代码...
         D:\Program Files (x86)\Microsoft Visual Studio 12.0\VC\bin\CL.exe /c /ZI /nologo /W3 /WX- /sdl /Od /Oy- /D _MBCS /D _MBCS /D _CRT_SECURE_NO_WARNINGS /Gm /EHsc /RTC1 /MDd /GS /fp:precise /Zc:wchar_t /Zc:forScope /Fo"Debug\\" /Fd"Debug\vc120.pdb" /Gd /TP /analyze- /errorReport:prompt main.cpp
         main.cpp
       Link:
         D:\Program Files (x86)\Microsoft Visual Studio 12.0\VC\bin\link.exe /ERRORREPORT:PROMPT /OUT:"d:\documents\visual studio 2013\Projects\H265Encoder_Simp\Debug\H265Encoder_Simp.exe" /INCREMENTAL /NOLOGO kernel32.lib user32.lib gdi32.lib winspool.lib comdlg32.lib advapi32.lib shell32.lib ole32.lib oleaut32.lib uuid.lib odbc32.lib odbccp32.lib /MANIFEST /MANIFESTUAC:"level='asInvoker' uiAccess='false'" /manifest:embed /DEBUG /PDB:"d:\documents\visual studio 2013\Projects\H265Encoder_Simp\Debug\H265Encoder_Simp.pdb" /TLBID:1 /DYNAMICBASE /NXCOMPAT /IMPLIB:"d:\documents\visual studio 2013\Projects\H265Encoder_Simp\Debug\H265Encoder_Simp.lib" /MACHINE:X86 Debug\analysis.obj
         Debug\bitcost.obj
         Debug\Bitstream.obj
         Debug\common.obj
         Debug\cudata.obj
         Debug\dct.obj
         Debug\deblock.obj
         Debug\dpb.obj
         Debug\encoder.obj
         Debug\entropy.obj
         Debug\frame.obj
         Debug\framedata.obj
         Debug\frameencoder.obj
         Debug\framefilter.obj
         Debug\input.obj
         Debug\intrapred.obj
         Debug\ipfilter.obj
         Debug\level.obj
         Debug\lowres.obj
         Debug\motion.obj
         Debug\mv.obj
         Debug\nal.obj
         Debug\piclist.obj
         Debug\picyuv.obj
         Debug\pixel.obj
         Debug\predict.obj
         Debug\quant.obj
         Debug\rdcost.obj
         Debug\reference.obj
         Debug\scalinglist.obj
         Debug\search.obj
         Debug\shortyuv.obj
         Debug\slice.obj
         Debug\yuv.obj
         Debug\api.obj
         Debug\constant.obj
         Debug\main.obj
         Debug\param.obj
         Debug\primitives.obj
     1>primitives.obj : error LNK2019: 无法解析的外部符号 "void __cdecl setupPixelPrimitives_c(struct EncoderPrimitives *)" (?setupPixelPrimitives_c@@YAXPAUEncoderPrimitives@@@Z)，该符号在函数 "void __cdecl setupCPrimitives(struct EncoderPrimitives *)" (?setupCPrimitives@@YAXPAUEncoderPrimitives@@@Z) 中被引用
     1>primitives.obj : error LNK2019: 无法解析的外部符号 "void __cdecl setupDCTPrimitives_c(struct EncoderPrimitives *)" (?setupDCTPrimitives_c@@YAXPAUEncoderPrimitives@@@Z)，该符号在函数 "void __cdecl setupCPrimitives(struct EncoderPrimitives *)" (?setupCPrimitives@@YAXPAUEncoderPrimitives@@@Z) 中被引用
     1>primitives.obj : error LNK2019: 无法解析的外部符号 "void __cdecl setupIntraPrimitives_c(struct EncoderPrimitives *)" (?setupIntraPrimitives_c@@YAXPAUEncoderPrimitives@@@Z)，该符号在函数 "void __cdecl setupCPrimitives(struct EncoderPrimitives *)" (?setupCPrimitives@@YAXPAUEncoderPrimitives@@@Z) 中被引用
     1>d:\documents\visual studio 2013\Projects\H265Encoder_Simp\Debug\H265Encoder_Simp.exe : fatal error LNK1120: 3 个无法解析的外部命令
     1>已完成生成项目“d:\documents\visual studio 2013\Projects\H265Encoder_Simp\H265Encoder_Simp\H265Encoder_Simp.vcxproj”(Build 个目标)的操作 - 失败。

生成失败。

已用时间 00:00:03.36
